C:\CODING\GIT\THEIA\DEBUG\TRYOUT.EXE
C:\CODING\GIT\THEIA\DEBUG\TRYOUT.ILK
C:\CODING\GIT\THEIA\DEBUG\TRYOUT.PDB
C:\coding\GIT\theia\tryout\Debug\cl.command.1.tlog
C:\coding\GIT\theia\tryout\Debug\CL.read.1.tlog
C:\coding\GIT\theia\tryout\Debug\CL.write.1.tlog
C:\CODING\GIT\THEIA\TRYOUT\DEBUG\GL_4_3.OBJ
C:\coding\GIT\theia\tryout\Debug\link.3688.read.1.tlog
C:\coding\GIT\theia\tryout\Debug\link.3688.write.1.tlog
C:\coding\GIT\theia\tryout\Debug\link.3688-cvtres.read.1.tlog
C:\coding\GIT\theia\tryout\Debug\link.3688-cvtres.write.1.tlog
C:\coding\GIT\theia\tryout\Debug\link.command.1.tlog
C:\coding\GIT\theia\tryout\Debug\link.read.1.tlog
C:\coding\GIT\theia\tryout\Debug\link.write.1.tlog
C:\coding\GIT\theia\tryout\Debug\link-cvtres.read.1.tlog
C:\coding\GIT\theia\tryout\Debug\link-cvtres.write.1.tlog
C:\CODING\GIT\THEIA\TRYOUT\DEBUG\MAIN.OBJ
C:\coding\GIT\theia\tryout\Debug\mt.command.1.tlog
C:\coding\GIT\theia\tryout\Debug\mt.read.1.tlog
C:\coding\GIT\theia\tryout\Debug\mt.write.1.tlog
C:\CODING\GIT\THEIA\TRYOUT\DEBUG\OBJ_LOADER.OBJ
C:\coding\GIT\theia\tryout\Debug\rc.command.1.tlog
C:\coding\GIT\theia\tryout\Debug\rc.read.1.tlog
C:\coding\GIT\theia\tryout\Debug\rc.write.1.tlog
C:\CODING\GIT\THEIA\TRYOUT\DEBUG\SHADER.OBJ
C:\CODING\GIT\THEIA\TRYOUT\DEBUG\TEST.RES
C:\CODING\GIT\THEIA\TRYOUT\DEBUG\TRYOUT.EXE.EMBED.MANIFEST
C:\CODING\GIT\THEIA\TRYOUT\DEBUG\TRYOUT.EXE.EMBED.MANIFEST.RES
C:\CODING\GIT\THEIA\TRYOUT\DEBUG\TRYOUT.EXE.INTERMEDIATE.MANIFEST
C:\coding\GIT\theia\tryout\Debug\tryout_manifest.rc
C:\coding\GIT\theia\tryout\Debug\vc100.idb
C:\CODING\GIT\THEIA\TRYOUT\DEBUG\VC100.PDB
C:\CODING\GIT\THEIA\TRYOUT\DEBUG\WGL_WGL.OBJ
